<?xml version="1.0" encoding="UTF-8"?>
<!-- Generated by org.testng.reporters.JUnitXMLReporter -->
<testsuite ignored="0" hostname="Vishal" failures="0" tests="10" name="Surefire test" time="19.06" errors="0" timestamp="2024-04-21T02:42:39 IST">
  <testcase classname="api.test.DDTests" name="testPostuser" time="2.986"/>
  <testcase classname="api.test.DDTests" name="testPostuser" time="1.353"/>
  <testcase classname="api.test.DDTests" name="testPostuser" time="1.481"/>
  <testcase classname="api.test.DDTests" name="testDeleteUserByName" time="1.451"/>
  <testcase classname="api.test.DDTests" name="testDeleteUserByName" time="1.451"/>
  <testcase classname="api.test.DDTests" name="testDeleteUserByName" time="1.416"/>
  <testcase classname="api.test.UserTests" name="testPostUser" time="1.36"/>
  <testcase classname="api.test.UserTests" name="testGetUserByName" time="1.379"/>
  <testcase classname="api.test.UserTests" name="testUpdateUserByName" time="2.68"/>
  <testcase classname="api.test.UserTests" name="testDeleteUserByName" time="1.776"/>
</testsuite> <!-- Surefire test -->
