<?xml version="1.0" encoding="UTF-8"?>
<!-- Generated by org.testng.reporters.JUnitXMLReporter -->
<testsuite ignored="0" hostname="Vishal" failures="0" tests="6" name="Default test" time="12.932" errors="0" timestamp="2024-04-20T22:13:04 IST">
  <testcase classname="api.test.DDTests" name="testPostuser" time="3.225"/>
  <testcase classname="api.test.DDTests" name="testPostuser" time="2.263"/>
  <testcase classname="api.test.DDTests" name="testPostuser" time="1.7"/>
  <testcase classname="api.test.DDTests" name="testDeleteUserByName" time="1.346"/>
  <testcase classname="api.test.DDTests" name="testDeleteUserByName" time="1.356"/>
  <testcase classname="api.test.DDTests" name="testDeleteUserByName" time="1.399"/>
</testsuite> <!-- Default test -->
