<?xml version="1.0" encoding="UTF-8"?>
<testng-results ignored="0" total="10" passed="10" failed="0" skipped="0">
  <reporter-output>
  </reporter-output>
  <suite started-at="2024-04-21T02:42:20 IST" name="Surefire suite" finished-at="2024-04-21T02:42:39 IST" duration-ms="19060">
    <groups>
    </groups>
    <test started-at="2024-04-21T02:42:20 IST" name="Surefire test" finished-at="2024-04-21T02:42:39 IST" duration-ms="19060">
      <class name="api.test.UserTests">
        <test-method is-config="true" signature="setup()[pri:0, instance:api.test.UserTests@3d6f0054]" started-at="2024-04-21T02:42:32 IST" name="setup" finished-at="2024-04-21T02:42:32 IST" duration-ms="197" status="PASS">
          <reporter-output>
          </reporter-output>
        </test-method> <!-- setup -->
        <test-method signature="testPostUser()[pri:1, instance:api.test.UserTests@3d6f0054]" started-at="2024-04-21T02:42:32 IST" name="testPostUser" finished-at="2024-04-21T02:42:34 IST" duration-ms="1360" status="PASS">
          <reporter-output>
          </reporter-output>
        </test-method> <!-- testPostUser -->
        <test-method signature="testGetUserByName()[pri:2, instance:api.test.UserTests@3d6f0054]" started-at="2024-04-21T02:42:34 IST" name="testGetUserByName" finished-at="2024-04-21T02:42:35 IST" duration-ms="1379" status="PASS">
          <reporter-output>
          </reporter-output>
        </test-method> <!-- testGetUserByName -->
        <test-method signature="testUpdateUserByName()[pri:3, instance:api.test.UserTests@3d6f0054]" started-at="2024-04-21T02:42:35 IST" name="testUpdateUserByName" finished-at="2024-04-21T02:42:38 IST" duration-ms="2680" status="PASS">
          <reporter-output>
          </reporter-output>
        </test-method> <!-- testUpdateUserByName -->
        <test-method signature="testDeleteUserByName()[pri:4, instance:api.test.UserTests@3d6f0054]" started-at="2024-04-21T02:42:38 IST" name="testDeleteUserByName" finished-at="2024-04-21T02:42:39 IST" duration-ms="1776" status="PASS">
          <reporter-output>
          </reporter-output>
        </test-method> <!-- testDeleteUserByName -->
      </class> <!-- api.test.UserTests -->
      <class name="api.test.DDTests">
        <test-method signature="testPostuser(java.lang.String,java.lang.String,java.lang.String,java.lang.String,java.lang.String,java.lang.String,java.lang.String)[pri:1, instance:api.test.DDTests@79da8dc5]" started-at="2024-04-21T02:42:22 IST" name="testPostuser" data-provider="Data" finished-at="2024-04-21T02:42:25 IST" duration-ms="2986" status="PASS">
          <params>
            <param index="0">
              <value>
                <![CDATA[1010]]>
              </value>
            </param>
            <param index="1">
              <value>
                <![CDATA[testUser1]]>
              </value>
            </param>
            <param index="2">
              <value>
                <![CDATA[John]]>
              </value>
            </param>
            <param index="3">
              <value>
                <![CDATA[Canedy]]>
              </value>
            </param>
            <param index="4">
              <value>
                <![CDATA[a@gmail.com]]>
              </value>
            </param>
            <param index="5">
              <value>
                <![CDATA[test@1]]>
              </value>
            </param>
            <param index="6">
              <value>
                <![CDATA[1234567897]]>
              </value>
            </param>
          </params>
          <reporter-output>
          </reporter-output>
        </test-method> <!-- testPostuser -->
        <test-method signature="testPostuser(java.lang.String,java.lang.String,java.lang.String,java.lang.String,java.lang.String,java.lang.String,java.lang.String)[pri:1, instance:api.test.DDTests@79da8dc5]" started-at="2024-04-21T02:42:25 IST" name="testPostuser" data-provider="Data" finished-at="2024-04-21T02:42:26 IST" duration-ms="1353" status="PASS">
          <params>
            <param index="0">
              <value>
                <![CDATA[1020]]>
              </value>
            </param>
            <param index="1">
              <value>
                <![CDATA[testUser2]]>
              </value>
            </param>
            <param index="2">
              <value>
                <![CDATA[Kim]]>
              </value>
            </param>
            <param index="3">
              <value>
                <![CDATA[Kom]]>
              </value>
            </param>
            <param index="4">
              <value>
                <![CDATA[b@gmail.com]]>
              </value>
            </param>
            <param index="5">
              <value>
                <![CDATA[test@2]]>
              </value>
            </param>
            <param index="6">
              <value>
                <![CDATA[1234567897]]>
              </value>
            </param>
          </params>
          <reporter-output>
          </reporter-output>
        </test-method> <!-- testPostuser -->
        <test-method signature="testPostuser(java.lang.String,java.lang.String,java.lang.String,java.lang.String,java.lang.String,java.lang.String,java.lang.String)[pri:1, instance:api.test.DDTests@79da8dc5]" started-at="2024-04-21T02:42:26 IST" name="testPostuser" data-provider="Data" finished-at="2024-04-21T02:42:28 IST" duration-ms="1481" status="PASS">
          <params>
            <param index="0">
              <value>
                <![CDATA[1030]]>
              </value>
            </param>
            <param index="1">
              <value>
                <![CDATA[testUser3]]>
              </value>
            </param>
            <param index="2">
              <value>
                <![CDATA[Smith]]>
              </value>
            </param>
            <param index="3">
              <value>
                <![CDATA[Steve]]>
              </value>
            </param>
            <param index="4">
              <value>
                <![CDATA[c@gmail.com]]>
              </value>
            </param>
            <param index="5">
              <value>
                <![CDATA[test@3]]>
              </value>
            </param>
            <param index="6">
              <value>
                <![CDATA[1234567897]]>
              </value>
            </param>
          </params>
          <reporter-output>
          </reporter-output>
        </test-method> <!-- testPostuser -->
        <test-method signature="testDeleteUserByName(java.lang.String)[pri:2, instance:api.test.DDTests@79da8dc5]" started-at="2024-04-21T02:42:28 IST" name="testDeleteUserByName" data-provider="UserNames" finished-at="2024-04-21T02:42:29 IST" duration-ms="1451" status="PASS">
          <params>
            <param index="0">
              <value>
                <![CDATA[testUser1]]>
              </value>
            </param>
          </params>
          <reporter-output>
          </reporter-output>
        </test-method> <!-- testDeleteUserByName -->
        <test-method signature="testDeleteUserByName(java.lang.String)[pri:2, instance:api.test.DDTests@79da8dc5]" started-at="2024-04-21T02:42:29 IST" name="testDeleteUserByName" data-provider="UserNames" finished-at="2024-04-21T02:42:31 IST" duration-ms="1451" status="PASS">
          <params>
            <param index="0">
              <value>
                <![CDATA[testUser2]]>
              </value>
            </param>
          </params>
          <reporter-output>
          </reporter-output>
        </test-method> <!-- testDeleteUserByName -->
        <test-method signature="testDeleteUserByName(java.lang.String)[pri:2, instance:api.test.DDTests@79da8dc5]" started-at="2024-04-21T02:42:31 IST" name="testDeleteUserByName" data-provider="UserNames" finished-at="2024-04-21T02:42:32 IST" duration-ms="1416" status="PASS">
          <params>
            <param index="0">
              <value>
                <![CDATA[testUser3]]>
              </value>
            </param>
          </params>
          <reporter-output>
          </reporter-output>
        </test-method> <!-- testDeleteUserByName -->
      </class> <!-- api.test.DDTests -->
    </test> <!-- Surefire test -->
  </suite> <!-- Surefire suite -->
</testng-results>
