<?xml version="1.0" encoding="UTF-8"?>
<testng-results ignored="0" total="4" passed="4" failed="0" skipped="0">
  <reporter-output>
  </reporter-output>
  <suite started-at="2024-04-21T01:44:17 IST" name="PetSuite" finished-at="2024-04-21T01:44:28 IST" duration-ms="10920">
    <groups>
    </groups>
    <test started-at="2024-04-21T01:44:17 IST" name="Test" finished-at="2024-04-21T01:44:28 IST" duration-ms="10920">
      <class name="api.test.UserTests2">
        <test-method is-config="true" signature="setup()[pri:0, instance:api.test.UserTests2@353352b6]" started-at="2024-04-21T01:44:17 IST" name="setup" finished-at="2024-04-21T01:44:18 IST" duration-ms="710" status="PASS">
          <reporter-output>
          </reporter-output>
        </test-method> <!-- setup -->
        <test-method signature="testPostUser()[pri:1, instance:api.test.UserTests2@353352b6]" started-at="2024-04-21T01:44:18 IST" name="testPostUser" finished-at="2024-04-21T01:44:21 IST" duration-ms="3272" status="PASS">
          <reporter-output>
          </reporter-output>
        </test-method> <!-- testPostUser -->
        <test-method signature="testGetUserByName()[pri:2, instance:api.test.UserTests2@353352b6]" started-at="2024-04-21T01:44:21 IST" name="testGetUserByName" finished-at="2024-04-21T01:44:23 IST" duration-ms="1382" status="PASS">
          <reporter-output>
          </reporter-output>
        </test-method> <!-- testGetUserByName -->
        <test-method signature="testUpdateUserByName()[pri:3, instance:api.test.UserTests2@353352b6]" started-at="2024-04-21T01:44:23 IST" name="testUpdateUserByName" finished-at="2024-04-21T01:44:26 IST" duration-ms="3401" status="PASS">
          <reporter-output>
          </reporter-output>
        </test-method> <!-- testUpdateUserByName -->
        <test-method signature="testDeleteUserByName()[pri:4, instance:api.test.UserTests2@353352b6]" started-at="2024-04-21T01:44:26 IST" name="testDeleteUserByName" finished-at="2024-04-21T01:44:28 IST" duration-ms="2109" status="PASS">
          <reporter-output>
          </reporter-output>
        </test-method> <!-- testDeleteUserByName -->
      </class> <!-- api.test.UserTests2 -->
    </test> <!-- Test -->
  </suite> <!-- PetSuite -->
</testng-results>
