<?xml version="1.0" encoding="UTF-8"?>
<!-- Generated by org.testng.reporters.JUnitXMLReporter -->
<testsuite ignored="0" hostname="Vishal" failures="0" tests="4" name="Test" time="10.92" errors="0" timestamp="2024-04-21T01:44:28 IST">
  <testcase classname="api.test.UserTests2" name="testPostUser" time="3.272"/>
  <testcase classname="api.test.UserTests2" name="testGetUserByName" time="1.382"/>
  <testcase classname="api.test.UserTests2" name="testUpdateUserByName" time="3.401"/>
  <testcase classname="api.test.UserTests2" name="testDeleteUserByName" time="2.109"/>
</testsuite> <!-- Test -->
